<?xml version="1.0" encoding="UTF-8"?>
<testng-results ignored="0" total="1" passed="1" failed="0" skipped="0">
  <reporter-output>
  </reporter-output>
  <suite started-at="2024-12-23T23:21:35 IST" name="Default suite" finished-at="2024-12-23T23:21:51 IST" duration-ms="15578">
    <groups>
    </groups>
    <test started-at="2024-12-23T23:21:35 IST" name="Default test" finished-at="2024-12-23T23:21:51 IST" duration-ms="15578">
      <class name="com.twitterautomation.testcases.TestLoginPage">
        <test-method is-config="true" signature="setUp()[pri:0, instance:com.twitterautomation.testcases.TestLoginPage@644baf4a]" started-at="2024-12-23T23:21:35 IST" name="setUp" finished-at="2024-12-23T23:21:42 IST" duration-ms="6283" status="PASS">
          <reporter-output>
          </reporter-output>
        </test-method> <!-- setUp -->
        <test-method signature="loginToTwitter()[pri:0, instance:com.twitterautomation.testcases.TestLoginPage@644baf4a]" started-at="2024-12-23T23:21:42 IST" name="loginToTwitter" finished-at="2024-12-23T23:21:50 IST" duration-ms="7973" status="PASS">
          <reporter-output>
          </reporter-output>
        </test-method> <!-- loginToTwitter -->
        <test-method is-config="true" signature="tearDown()[pri:0, instance:com.twitterautomation.testcases.TestLoginPage@644baf4a]" started-at="2024-12-23T23:21:50 IST" name="tearDown" finished-at="2024-12-23T23:21:51 IST" duration-ms="1256" status="PASS">
          <reporter-output>
          </reporter-output>
        </test-method> <!-- tearDown -->
      </class> <!-- com.twitterautomation.testcases.TestLoginPage -->
    </test> <!-- Default test -->
  </suite> <!-- Default suite -->
</testng-results>
